Iteration 19 — Experiment Results
==================================
Date: 2026-03-31
Hypotheses: H59, H60, H61

Full Test Suite:
  Total: 2791 passed, 0 failures, 20 skipped
  Duration: 199.66s (3:19)
  Coverage: 86.36%

New Tests by Hypothesis:
  H59 (health reporting):
    test_publisher.py — 5 tests (TestPublisherHealthReporting)
    test_content_scheduler.py — 4 tests (TestSchedulerHealthReporting)
    test_batch_generator.py — 5 tests (TestBatchHealthReporting)
    Subtotal: 14 tests

  H60 (dashboard health endpoints):
    test_dashboard.py — 10 tests (TestLivenessEndpoint + TestReadinessEndpoint + TestHealthApiPipelineKey)
    Subtotal: 10 tests

  H61 (lifecycle hookspecs + dispatch):
    test_plugin_manager.py — 13 tests (TestLifecycleHookSpecs)
    test_publisher.py — 5 tests (TestPublisherPluginDispatch)
    test_content_scheduler.py — 3 tests (TestSchedulerPluginDispatch)
    test_batch_generator.py — 3 tests (TestBatchPluginDispatch)
    Subtotal: 24 tests

  Total new tests: 48

Coverage by Module:
  publisher.py:         73.58% (was 71.68%, +1.90%)
  content_scheduler.py: 90.97% (was ~91%, maintained)
  batch_generator.py:   maintained
  dashboard.py:         91.05% (was 90.31%, +0.74%)
  plugin_manager.py:    96.49% (was 96.08%, +0.41%)
  pipeline_health.py:   95.14% (was 93.01%, +2.13%)
  Total:                86.36% (was 86.35%, +0.01%)

Files Modified:
  src/plugin_manager.py    — 6 new hookspecs
  src/publisher.py         — _get_health_monitor, _get_plugin_manager, health reporting, plugin dispatch
  src/content_scheduler.py — _get_health_monitor, _get_plugin_manager, health reporting, plugin dispatch
  src/batch_generator.py   — _get_health_monitor, _get_plugin_manager, health reporting, plugin dispatch
  src/dashboard.py         — _get_pipeline_module_health, /api/health/liveness, /api/health/readiness, augmented /api/health

Files Tested:
  tests/test_publisher.py         — +10 tests
  tests/test_content_scheduler.py — +7 tests
  tests/test_batch_generator.py   — +8 tests
  tests/test_dashboard.py         — +10 tests
  tests/test_plugin_manager.py    — +13 tests

Regressions: 0
New dependencies: 0
