== Survey Phase (Iteration 13) ==
Timestamp: 2026-03-29T23:19:49
Status: COMPLETE

Topics Surveyed: 6
1. Short-form video automation pipeline tools (2026)
2. FFmpeg GPU acceleration & processing optimization
3. Video content uniqueness & duplicate detection
4. Multi-language AI dubbing & lip-sync
5. Shoppable content integration APIs
6. Predictive micro-trend detection

Sources Consulted: 12+
Web Searches: 9
Pages Fetched: 6
Papers Saved: 4 (papers/2026-03-29-*.yaml)

Key Themes:
- GPU-accelerated FFmpeg is low-hanging fruit (5x speedup with NVENC/CUDA flags)
- videohash library can enhance UniquenessScorer with visual duplicate detection
- Multi-language dubbing pipeline is feasible with existing open-source components
- TikTok Shop API is most developer-friendly for commerce integration
- Predictive trend detection (engagement velocity + NLP) differentiates from competitors
- Fix 5 pre-existing trend_detector test failures (pandas dependency)

Findings appended to JOURNAL.md.
